<?xml version="1.0" encoding="UTF-8"?>
<!-- Generated by org.testng.reporters.JUnitReportReporter -->
<testsuite hostname="IBM-PF136901" failures="0" tests="1" name="testCases.TC001_AccountRegisterationTest" time="6.290" errors="0" timestamp="2025-05-04T22:55:13 IST" skipped="0">
  <testcase classname="testCases.TC001_AccountRegisterationTest" name="verify_account_registeration" time="6.290"/>
</testsuite> <!-- testCases.TC001_AccountRegisterationTest -->
