<?xml version="1.0" encoding="UTF-8"?>
<!-- Generated by org.testng.reporters.JUnitReportReporter -->
<testsuite hostname="IBM-PF136901" failures="0" tests="1" name="testCases.TC001_AccountRegisterationTest" time="5.865" errors="0" timestamp="2025-05-04T20:49:55 IST" skipped="0">
  <testcase classname="testCases.TC001_AccountRegisterationTest" name="verify_account_registeration" time="5.865"/>
</testsuite> <!-- testCases.TC001_AccountRegisterationTest -->
