<?xml version="1.0" encoding="UTF-8"?>
<!-- Generated by org.testng.reporters.JUnitReportReporter -->
<testsuite hostname="IBM-PF136901" failures="0" tests="1" name="testCases.TC002_LoginTest" time="1.916" errors="0" timestamp="2025-03-03T07:40:26 IST" skipped="0">
  <testcase classname="testCases.TC002_LoginTest" name="verifyLogin" time="1.916"/>
</testsuite> <!-- testCases.TC002_LoginTest -->
